2025-08-27 00:00:31.048  WARN 41504 --- [HikariPool-1 housekeeper] com.zaxxer.hikari.pool.HikariPool        : HikariPool-1 - Thread starvation or clock leap detected (housekeeper delta=7h57m29s947ms28µs700ns).
2025-08-27 06:00:10.200  WARN 41504 --- [HikariPool-1 housekeeper] com.zaxxer.hikari.pool.HikariPool        : HikariPool-1 - Thread starvation or clock leap detected (housekeeper delta=4h49m36s81ms571µs100ns).
2025-08-27 08:49:10.844  WARN 41504 --- [HikariPool-1 housekeeper] com.zaxxer.hikari.pool.HikariPool        : HikariPool-1 - Thread starvation or clock leap detected (housekeeper delta=2h47m28s580ms799µs100ns).
2025-08-27 11:19:33.062  INFO 41504 --- [SpringApplicationShutdownHook] com.zaxxer.hikari.HikariDataSource       : HikariPool-1 - Shutdown initiated...
2025-08-27 11:19:33.361  INFO 41504 --- [SpringApplicationShutdownHook] com.zaxxer.hikari.HikariDataSource       : HikariPool-1 - Shutdown completed.
2025-08-27 11:19:41.105  INFO 75356 --- [main] com.sunset.SunsetApplication             : Starting SunsetApplication using Java 1.8.0_411 on LAPTOP-7EKQATVO with PID 75356 (D:\money\sunset-server\target\classes started by wang in D:\money\sunset-server)
2025-08-27 11:19:41.106  INFO 75356 --- [main] com.sunset.SunsetApplication             : The following 1 profile is active: "dev"
2025-08-27 11:19:41.781  INFO 75356 --- [main] .s.d.r.c.RepositoryConfigurationDelegate : Multiple Spring Data modules found, entering strict repository configuration mode
2025-08-27 11:19:41.782  INFO 75356 --- [main] .s.d.r.c.RepositoryConfigurationDelegate : Bootstrapping Spring Data Redis repositories in DEFAULT mode.
2025-08-27 11:19:41.797  INFO 75356 --- [main] .s.d.r.c.RepositoryConfigurationDelegate : Finished Spring Data repository scanning in 6 ms. Found 0 Redis repository interfaces.
2025-08-27 11:19:41.856 DEBUG 75356 --- [main] org.apache.ibatis.logging.LogFactory     : Logging initialized using 'class org.apache.ibatis.logging.slf4j.Slf4jImpl' adapter.
2025-08-27 11:19:42.100  INFO 75356 --- [main] o.s.b.w.embedded.tomcat.TomcatWebServer  : Tomcat initialized with port(s): 8081 (http)
2025-08-27 11:19:42.106  INFO 75356 --- [main] o.apache.catalina.core.StandardService   : Starting service [Tomcat]
2025-08-27 11:19:42.106  INFO 75356 --- [main] org.apache.catalina.core.StandardEngine  : Starting Servlet engine: [Apache Tomcat/9.0.65]
2025-08-27 11:19:42.221  INFO 75356 --- [main] o.a.c.c.C.[Tomcat].[localhost].[/]       : Initializing Spring embedded WebApplicationContext
2025-08-27 11:19:42.221  INFO 75356 --- [main] w.s.c.ServletWebServerApplicationContext : Root WebApplicationContext: initialization completed in 1074 ms
2025-08-27 11:19:42.976  WARN 75356 --- [main] ConfigServletWebServerApplicationContext : Exception encountered during context initialization - cancelling refresh attempt: org.springframework.beans.factory.UnsatisfiedDependencyException: Error creating bean with name 'uploadController' defined in file [D:\money\sunset-server\target\classes\com\sunset\controller\UploadController.class]: Unsatisfied dependency expressed through constructor parameter 0; nested exception is org.springframework.beans.factory.UnsatisfiedDependencyException: Error creating bean with name 'minIOUtils': Unsatisfied dependency expressed through field 'minioClient'; nested exception is org.springframework.beans.factory.BeanCreationException: Error creating bean with name 'minIOConfig': Injection of autowired dependencies failed; nested exception is java.lang.IllegalArgumentException: Could not resolve placeholder 'minio.accessKey' in value "${minio.accessKey}"
2025-08-27 11:19:42.989  INFO 75356 --- [main] o.apache.catalina.core.StandardService   : Stopping service [Tomcat]
2025-08-27 11:19:42.997  INFO 75356 --- [main] ConditionEvaluationReportLoggingListener : 

Error starting ApplicationContext. To display the conditions report re-run your application with 'debug' enabled.
2025-08-27 11:19:43.016 ERROR 75356 --- [main] o.s.boot.SpringApplication               : Application run failed

org.springframework.beans.factory.UnsatisfiedDependencyException: Error creating bean with name 'uploadController' defined in file [D:\money\sunset-server\target\classes\com\sunset\controller\UploadController.class]: Unsatisfied dependency expressed through constructor parameter 0; nested exception is org.springframework.beans.factory.UnsatisfiedDependencyException: Error creating bean with name 'minIOUtils': Unsatisfied dependency expressed through field 'minioClient'; nested exception is org.springframework.beans.factory.BeanCreationException: Error creating bean with name 'minIOConfig': Injection of autowired dependencies failed; nested exception is java.lang.IllegalArgumentException: Could not resolve placeholder 'minio.accessKey' in value "${minio.accessKey}"
	at org.springframework.beans.factory.support.ConstructorResolver.createArgumentArray(ConstructorResolver.java:800) ~[spring-beans-5.3.22.jar:5.3.22]
	at org.springframework.beans.factory.support.ConstructorResolver.autowireConstructor(ConstructorResolver.java:229) ~[spring-beans-5.3.22.jar:5.3.22]
	at org.springframework.beans.factory.support.AbstractAutowireCapableBeanFactory.autowireConstructor(AbstractAutowireCapableBeanFactory.java:1372) ~[spring-beans-5.3.22.jar:5.3.22]
	at org.springframework.beans.factory.support.AbstractAutowireCapableBeanFactory.createBeanInstance(AbstractAutowireCapableBeanFactory.java:1222) ~[spring-beans-5.3.22.jar:5.3.22]
	at org.springframework.beans.factory.support.AbstractAutowireCapableBeanFactory.doCreateBean(AbstractAutowireCapableBeanFactory.java:582) ~[spring-beans-5.3.22.jar:5.3.22]
	at org.springframework.beans.factory.support.AbstractAutowireCapableBeanFactory.createBean(AbstractAutowireCapableBeanFactory.java:542) ~[spring-beans-5.3.22.jar:5.3.22]
	at org.springframework.beans.factory.support.AbstractBeanFactory.lambda$doGetBean$0(AbstractBeanFactory.java:335) ~[spring-beans-5.3.22.jar:5.3.22]
	at org.springframework.beans.factory.support.DefaultSingletonBeanRegistry.getSingleton(DefaultSingletonBeanRegistry.java:234) ~[spring-beans-5.3.22.jar:5.3.22]
	at org.springframework.beans.factory.support.AbstractBeanFactory.doGetBean(AbstractBeanFactory.java:333) ~[spring-beans-5.3.22.jar:5.3.22]
	at org.springframework.beans.factory.support.AbstractBeanFactory.getBean(AbstractBeanFactory.java:208) ~[spring-beans-5.3.22.jar:5.3.22]
	at org.springframework.beans.factory.support.DefaultListableBeanFactory.preInstantiateSingletons(DefaultListableBeanFactory.java:955) ~[spring-beans-5.3.22.jar:5.3.22]
	at org.springframework.context.support.AbstractApplicationContext.finishBeanFactoryInitialization(AbstractApplicationContext.java:918) ~[spring-context-5.3.22.jar:5.3.22]
	at org.springframework.context.support.AbstractApplicationContext.refresh(AbstractApplicationContext.java:583) ~[spring-context-5.3.22.jar:5.3.22]
	at org.springframework.boot.web.servlet.context.ServletWebServerApplicationContext.refresh(ServletWebServerApplicationContext.java:145) ~[spring-boot-2.6.11.jar:2.6.11]
	at org.springframework.boot.SpringApplication.refresh(SpringApplication.java:745) [spring-boot-2.6.11.jar:2.6.11]
	at org.springframework.boot.SpringApplication.refreshContext(SpringApplication.java:420) [spring-boot-2.6.11.jar:2.6.11]
	at org.springframework.boot.SpringApplication.run(SpringApplication.java:307) [spring-boot-2.6.11.jar:2.6.11]
	at org.springframework.boot.SpringApplication.run(SpringApplication.java:1317) [spring-boot-2.6.11.jar:2.6.11]
	at org.springframework.boot.SpringApplication.run(SpringApplication.java:1306) [spring-boot-2.6.11.jar:2.6.11]
	at com.sunset.SunsetApplication.main(SunsetApplication.java:18) [classes/:na]
Caused by: org.springframework.beans.factory.UnsatisfiedDependencyException: Error creating bean with name 'minIOUtils': Unsatisfied dependency expressed through field 'minioClient'; nested exception is org.springframework.beans.factory.BeanCreationException: Error creating bean with name 'minIOConfig': Injection of autowired dependencies failed; nested exception is java.lang.IllegalArgumentException: Could not resolve placeholder 'minio.accessKey' in value "${minio.accessKey}"
	at org.springframework.beans.factory.annotation.AutowiredAnnotationBeanPostProcessor$AutowiredFieldElement.resolveFieldValue(AutowiredAnnotationBeanPostProcessor.java:659) ~[spring-beans-5.3.22.jar:5.3.22]
	at org.springframework.beans.factory.annotation.AutowiredAnnotationBeanPostProcessor$AutowiredFieldElement.inject(AutowiredAnnotationBeanPostProcessor.java:639) ~[spring-beans-5.3.22.jar:5.3.22]
	at org.springframework.beans.factory.annotation.InjectionMetadata.inject(InjectionMetadata.java:119) ~[spring-beans-5.3.22.jar:5.3.22]
	at org.springframework.beans.factory.annotation.AutowiredAnnotationBeanPostProcessor.postProcessProperties(AutowiredAnnotationBeanPostProcessor.java:399) ~[spring-beans-5.3.22.jar:5.3.22]
	at org.springframework.beans.factory.support.AbstractAutowireCapableBeanFactory.populateBean(AbstractAutowireCapableBeanFactory.java:1431) ~[spring-beans-5.3.22.jar:5.3.22]
	at org.springframework.beans.factory.support.AbstractAutowireCapableBeanFactory.doCreateBean(AbstractAutowireCapableBeanFactory.java:619) ~[spring-beans-5.3.22.jar:5.3.22]
	at org.springframework.beans.factory.support.AbstractAutowireCapableBeanFactory.createBean(AbstractAutowireCapableBeanFactory.java:542) ~[spring-beans-5.3.22.jar:5.3.22]
	at org.springframework.beans.factory.support.AbstractBeanFactory.lambda$doGetBean$0(AbstractBeanFactory.java:335) ~[spring-beans-5.3.22.jar:5.3.22]
	at org.springframework.beans.factory.support.DefaultSingletonBeanRegistry.getSingleton(DefaultSingletonBeanRegistry.java:234) ~[spring-beans-5.3.22.jar:5.3.22]
	at org.springframework.beans.factory.support.AbstractBeanFactory.doGetBean(AbstractBeanFactory.java:333) ~[spring-beans-5.3.22.jar:5.3.22]
	at org.springframework.beans.factory.support.AbstractBeanFactory.getBean(AbstractBeanFactory.java:208) ~[spring-beans-5.3.22.jar:5.3.22]
	at org.springframework.beans.factory.config.DependencyDescriptor.resolveCandidate(DependencyDescriptor.java:276) ~[spring-beans-5.3.22.jar:5.3.22]
	at org.springframework.beans.factory.support.DefaultListableBeanFactory.doResolveDependency(DefaultListableBeanFactory.java:1391) ~[spring-beans-5.3.22.jar:5.3.22]
	at org.springframework.beans.factory.support.DefaultListableBeanFactory.resolveDependency(DefaultListableBeanFactory.java:1311) ~[spring-beans-5.3.22.jar:5.3.22]
	at org.springframework.beans.factory.support.ConstructorResolver.resolveAutowiredArgument(ConstructorResolver.java:887) ~[spring-beans-5.3.22.jar:5.3.22]
	at org.springframework.beans.factory.support.ConstructorResolver.createArgumentArray(ConstructorResolver.java:791) ~[spring-beans-5.3.22.jar:5.3.22]
	... 19 common frames omitted
Caused by: org.springframework.beans.factory.BeanCreationException: Error creating bean with name 'minIOConfig': Injection of autowired dependencies failed; nested exception is java.lang.IllegalArgumentException: Could not resolve placeholder 'minio.accessKey' in value "${minio.accessKey}"
	at org.springframework.beans.factory.annotation.AutowiredAnnotationBeanPostProcessor.postProcessProperties(AutowiredAnnotationBeanPostProcessor.java:405) ~[spring-beans-5.3.22.jar:5.3.22]
	at org.springframework.beans.factory.support.AbstractAutowireCapableBeanFactory.populateBean(AbstractAutowireCapableBeanFactory.java:1431) ~[spring-beans-5.3.22.jar:5.3.22]
	at org.springframework.beans.factory.support.AbstractAutowireCapableBeanFactory.doCreateBean(AbstractAutowireCapableBeanFactory.java:619) ~[spring-beans-5.3.22.jar:5.3.22]
	at org.springframework.beans.factory.support.AbstractAutowireCapableBeanFactory.createBean(AbstractAutowireCapableBeanFactory.java:542) ~[spring-beans-5.3.22.jar:5.3.22]
	at org.springframework.beans.factory.support.AbstractBeanFactory.lambda$doGetBean$0(AbstractBeanFactory.java:335) ~[spring-beans-5.3.22.jar:5.3.22]
	at org.springframework.beans.factory.support.DefaultSingletonBeanRegistry.getSingleton(DefaultSingletonBeanRegistry.java:234) ~[spring-beans-5.3.22.jar:5.3.22]
	at org.springframework.beans.factory.support.AbstractBeanFactory.doGetBean(AbstractBeanFactory.java:333) ~[spring-beans-5.3.22.jar:5.3.22]
	at org.springframework.beans.factory.support.AbstractBeanFactory.getBean(AbstractBeanFactory.java:208) ~[spring-beans-5.3.22.jar:5.3.22]
	at org.springframework.beans.factory.support.ConstructorResolver.instantiateUsingFactoryMethod(ConstructorResolver.java:410) ~[spring-beans-5.3.22.jar:5.3.22]
	at org.springframework.beans.factory.support.AbstractAutowireCapableBeanFactory.instantiateUsingFactoryMethod(AbstractAutowireCapableBeanFactory.java:1352) ~[spring-beans-5.3.22.jar:5.3.22]
	at org.springframework.beans.factory.support.AbstractAutowireCapableBeanFactory.createBeanInstance(AbstractAutowireCapableBeanFactory.java:1195) ~[spring-beans-5.3.22.jar:5.3.22]
	at org.springframework.beans.factory.support.AbstractAutowireCapableBeanFactory.doCreateBean(AbstractAutowireCapableBeanFactory.java:582) ~[spring-beans-5.3.22.jar:5.3.22]
	at org.springframework.beans.factory.support.AbstractAutowireCapableBeanFactory.createBean(AbstractAutowireCapableBeanFactory.java:542) ~[spring-beans-5.3.22.jar:5.3.22]
	at org.springframework.beans.factory.support.AbstractBeanFactory.lambda$doGetBean$0(AbstractBeanFactory.java:335) ~[spring-beans-5.3.22.jar:5.3.22]
	at org.springframework.beans.factory.support.DefaultSingletonBeanRegistry.getSingleton(DefaultSingletonBeanRegistry.java:234) ~[spring-beans-5.3.22.jar:5.3.22]
	at org.springframework.beans.factory.support.AbstractBeanFactory.doGetBean(AbstractBeanFactory.java:333) ~[spring-beans-5.3.22.jar:5.3.22]
	at org.springframework.beans.factory.support.AbstractBeanFactory.getBean(AbstractBeanFactory.java:208) ~[spring-beans-5.3.22.jar:5.3.22]
	at org.springframework.beans.factory.config.DependencyDescriptor.resolveCandidate(DependencyDescriptor.java:276) ~[spring-beans-5.3.22.jar:5.3.22]
	at org.springframework.beans.factory.support.DefaultListableBeanFactory.doResolveDependency(DefaultListableBeanFactory.java:1391) ~[spring-beans-5.3.22.jar:5.3.22]
	at org.springframework.beans.factory.support.DefaultListableBeanFactory.resolveDependency(DefaultListableBeanFactory.java:1311) ~[spring-beans-5.3.22.jar:5.3.22]
	at org.springframework.beans.factory.annotation.AutowiredAnnotationBeanPostProcessor$AutowiredFieldElement.resolveFieldValue(AutowiredAnnotationBeanPostProcessor.java:656) ~[spring-beans-5.3.22.jar:5.3.22]
	... 34 common frames omitted
Caused by: java.lang.IllegalArgumentException: Could not resolve placeholder 'minio.accessKey' in value "${minio.accessKey}"
	at org.springframework.util.PropertyPlaceholderHelper.parseStringValue(PropertyPlaceholderHelper.java:180) ~[spring-core-5.3.22.jar:5.3.22]
	at org.springframework.util.PropertyPlaceholderHelper.replacePlaceholders(PropertyPlaceholderHelper.java:126) ~[spring-core-5.3.22.jar:5.3.22]
	at org.springframework.core.env.AbstractPropertyResolver.doResolvePlaceholders(AbstractPropertyResolver.java:239) ~[spring-core-5.3.22.jar:5.3.22]
	at org.springframework.core.env.AbstractPropertyResolver.resolveRequiredPlaceholders(AbstractPropertyResolver.java:210) ~[spring-core-5.3.22.jar:5.3.22]
	at org.springframework.context.support.PropertySourcesPlaceholderConfigurer.lambda$processProperties$0(PropertySourcesPlaceholderConfigurer.java:191) ~[spring-context-5.3.22.jar:5.3.22]
	at org.springframework.beans.factory.support.AbstractBeanFactory.resolveEmbeddedValue(AbstractBeanFactory.java:936) ~[spring-beans-5.3.22.jar:5.3.22]
	at org.springframework.beans.factory.support.DefaultListableBeanFactory.doResolveDependency(DefaultListableBeanFactory.java:1332) ~[spring-beans-5.3.22.jar:5.3.22]
	at org.springframework.beans.factory.support.DefaultListableBeanFactory.resolveDependency(DefaultListableBeanFactory.java:1311) ~[spring-beans-5.3.22.jar:5.3.22]
	at org.springframework.beans.factory.annotation.AutowiredAnnotationBeanPostProcessor$AutowiredFieldElement.resolveFieldValue(AutowiredAnnotationBeanPostProcessor.java:656) ~[spring-beans-5.3.22.jar:5.3.22]
	at org.springframework.beans.factory.annotation.AutowiredAnnotationBeanPostProcessor$AutowiredFieldElement.inject(AutowiredAnnotationBeanPostProcessor.java:639) ~[spring-beans-5.3.22.jar:5.3.22]
	at org.springframework.beans.factory.annotation.InjectionMetadata.inject(InjectionMetadata.java:119) ~[spring-beans-5.3.22.jar:5.3.22]
	at org.springframework.beans.factory.annotation.AutowiredAnnotationBeanPostProcessor.postProcessProperties(AutowiredAnnotationBeanPostProcessor.java:399) ~[spring-beans-5.3.22.jar:5.3.22]
	... 54 common frames omitted

2025-08-27 11:20:04.454  INFO 82124 --- [main] com.sunset.SunsetApplication             : Starting SunsetApplication using Java 1.8.0_411 on LAPTOP-7EKQATVO with PID 82124 (D:\money\sunset-server\target\classes started by wang in D:\money\sunset-server)
2025-08-27 11:20:04.455  INFO 82124 --- [main] com.sunset.SunsetApplication             : The following 1 profile is active: "dev"
2025-08-27 11:20:05.022  INFO 82124 --- [main] .s.d.r.c.RepositoryConfigurationDelegate : Multiple Spring Data modules found, entering strict repository configuration mode
2025-08-27 11:20:05.024  INFO 82124 --- [main] .s.d.r.c.RepositoryConfigurationDelegate : Bootstrapping Spring Data Redis repositories in DEFAULT mode.
2025-08-27 11:20:05.038  INFO 82124 --- [main] .s.d.r.c.RepositoryConfigurationDelegate : Finished Spring Data repository scanning in 6 ms. Found 0 Redis repository interfaces.
2025-08-27 11:20:05.093 DEBUG 82124 --- [main] org.apache.ibatis.logging.LogFactory     : Logging initialized using 'class org.apache.ibatis.logging.slf4j.Slf4jImpl' adapter.
2025-08-27 11:20:05.315  INFO 82124 --- [main] o.s.b.w.embedded.tomcat.TomcatWebServer  : Tomcat initialized with port(s): 8081 (http)
2025-08-27 11:20:05.319  INFO 82124 --- [main] o.apache.catalina.core.StandardService   : Starting service [Tomcat]
2025-08-27 11:20:05.319  INFO 82124 --- [main] org.apache.catalina.core.StandardEngine  : Starting Servlet engine: [Apache Tomcat/9.0.65]
2025-08-27 11:20:05.424  INFO 82124 --- [main] o.a.c.c.C.[Tomcat].[localhost].[/]       : Initializing Spring embedded WebApplicationContext
2025-08-27 11:20:05.424  INFO 82124 --- [main] w.s.c.ServletWebServerApplicationContext : Root WebApplicationContext: initialization completed in 943 ms
2025-08-27 11:20:06.116  WARN 82124 --- [main] ConfigServletWebServerApplicationContext : Exception encountered during context initialization - cancelling refresh attempt: org.springframework.beans.factory.UnsatisfiedDependencyException: Error creating bean with name 'uploadController' defined in file [D:\money\sunset-server\target\classes\com\sunset\controller\UploadController.class]: Unsatisfied dependency expressed through constructor parameter 0; nested exception is org.springframework.beans.factory.UnsatisfiedDependencyException: Error creating bean with name 'minIOUtils': Unsatisfied dependency expressed through field 'minioClient'; nested exception is org.springframework.beans.factory.BeanCreationException: Error creating bean with name 'minioClient' defined in class path resource [com/sunset/minio/MinIOConfig.class]: Bean instantiation via factory method failed; nested exception is org.springframework.beans.BeanInstantiationException: Failed to instantiate [io.minio.MinioClient]: Factory method 'minioClient' threw exception; nested exception is java.lang.ExceptionInInitializerError
2025-08-27 11:20:06.128  INFO 82124 --- [main] o.apache.catalina.core.StandardService   : Stopping service [Tomcat]
2025-08-27 11:20:06.137  INFO 82124 --- [main] ConditionEvaluationReportLoggingListener : 

Error starting ApplicationContext. To display the conditions report re-run your application with 'debug' enabled.
2025-08-27 11:20:06.147 ERROR 82124 --- [main] o.s.b.d.LoggingFailureAnalysisReporter   : 

***************************
APPLICATION FAILED TO START
***************************

Description:

An attempt was made to call a method that does not exist. The attempt was made from the following location:

    io.minio.S3Base.<clinit>(S3Base.java:104)

The following method did not exist:

    okhttp3.RequestBody.create([BLokhttp3/MediaType;)Lokhttp3/RequestBody;

The calling method's class, io.minio.S3Base, was loaded from the following location:

    jar:file:/C:/Users/wang/.m2/repository/io/minio/minio/8.5.2/minio-8.5.2.jar!/io/minio/S3Base.class

The called method's class, okhttp3.RequestBody, is available from the following locations:

    jar:file:/C:/Users/wang/.m2/repository/com/squareup/okhttp3/okhttp/3.14.9/okhttp-3.14.9.jar!/okhttp3/RequestBody.class

The called method's class hierarchy was loaded from the following locations:

    okhttp3.RequestBody: file:/C:/Users/wang/.m2/repository/com/squareup/okhttp3/okhttp/3.14.9/okhttp-3.14.9.jar


Action:

Correct the classpath of your application so that it contains compatible versions of the classes io.minio.S3Base and okhttp3.RequestBody

2025-08-27 11:21:43.929  INFO 66284 --- [main] com.sunset.SunsetApplication             : Starting SunsetApplication using Java 1.8.0_411 on LAPTOP-7EKQATVO with PID 66284 (D:\money\sunset-server\target\classes started by wang in D:\money\sunset-server)
2025-08-27 11:21:43.930  INFO 66284 --- [main] com.sunset.SunsetApplication             : The following 1 profile is active: "dev"
2025-08-27 11:21:44.542  INFO 66284 --- [main] .s.d.r.c.RepositoryConfigurationDelegate : Multiple Spring Data modules found, entering strict repository configuration mode
2025-08-27 11:21:44.544  INFO 66284 --- [main] .s.d.r.c.RepositoryConfigurationDelegate : Bootstrapping Spring Data Redis repositories in DEFAULT mode.
2025-08-27 11:21:44.557  INFO 66284 --- [main] .s.d.r.c.RepositoryConfigurationDelegate : Finished Spring Data repository scanning in 6 ms. Found 0 Redis repository interfaces.
2025-08-27 11:21:44.614 DEBUG 66284 --- [main] org.apache.ibatis.logging.LogFactory     : Logging initialized using 'class org.apache.ibatis.logging.slf4j.Slf4jImpl' adapter.
2025-08-27 11:21:44.839  INFO 66284 --- [main] o.s.b.w.embedded.tomcat.TomcatWebServer  : Tomcat initialized with port(s): 8081 (http)
2025-08-27 11:21:44.845  INFO 66284 --- [main] o.apache.catalina.core.StandardService   : Starting service [Tomcat]
2025-08-27 11:21:44.845  INFO 66284 --- [main] org.apache.catalina.core.StandardEngine  : Starting Servlet engine: [Apache Tomcat/9.0.65]
2025-08-27 11:21:44.995  INFO 66284 --- [main] o.a.c.c.C.[Tomcat].[localhost].[/]       : Initializing Spring embedded WebApplicationContext
2025-08-27 11:21:44.995  INFO 66284 --- [main] w.s.c.ServletWebServerApplicationContext : Root WebApplicationContext: initialization completed in 1039 ms
2025-08-27 11:21:46.824  INFO 66284 --- [main] o.s.b.a.e.web.EndpointLinksResolver      : Exposing 1 endpoint(s) beneath base path '/actuator'
2025-08-27 11:21:46.853  INFO 66284 --- [main] o.s.b.w.embedded.tomcat.TomcatWebServer  : Tomcat started on port(s): 8081 (http) with context path ''
2025-08-27 11:21:46.863  INFO 66284 --- [main] com.sunset.SunsetApplication             : Started SunsetApplication in 3.173 seconds (JVM running for 3.898)
2025-08-27 11:21:47.779  INFO 66284 --- [RMI TCP Connection(2)-192.168.11.103] o.a.c.c.C.[Tomcat].[localhost].[/]       : Initializing Spring DispatcherServlet 'dispatcherServlet'
2025-08-27 11:21:47.780  INFO 66284 --- [RMI TCP Connection(2)-192.168.11.103] o.s.web.servlet.DispatcherServlet        : Initializing Servlet 'dispatcherServlet'
2025-08-27 11:21:47.782  INFO 66284 --- [RMI TCP Connection(2)-192.168.11.103] o.s.web.servlet.DispatcherServlet        : Completed initialization in 2 ms
2025-08-27 11:21:47.782  INFO 66284 --- [RMI TCP Connection(3)-192.168.11.103] com.zaxxer.hikari.HikariDataSource       : HikariPool-1 - Starting...
2025-08-27 11:21:48.330  INFO 66284 --- [RMI TCP Connection(3)-192.168.11.103] com.zaxxer.hikari.HikariDataSource       : HikariPool-1 - Start completed.
2025-08-27 11:21:57.708  INFO 66284 --- [http-nio-8081-exec-5] o.springdoc.api.AbstractOpenApiResource  : Init duration for springdoc-openapi is: 274 ms
2025-08-27 11:33:14.428  INFO 66284 --- [SpringApplicationShutdownHook] com.zaxxer.hikari.HikariDataSource       : HikariPool-1 - Shutdown initiated...
2025-08-27 11:33:14.792  INFO 66284 --- [SpringApplicationShutdownHook] com.zaxxer.hikari.HikariDataSource       : HikariPool-1 - Shutdown completed.
2025-08-27 11:33:18.482  INFO 73156 --- [main] com.sunset.SunsetApplication             : Starting SunsetApplication using Java 1.8.0_411 on LAPTOP-7EKQATVO with PID 73156 (D:\money\sunset-server\target\classes started by wang in D:\money\sunset-server)
2025-08-27 11:33:18.483  INFO 73156 --- [main] com.sunset.SunsetApplication             : The following 1 profile is active: "dev"
2025-08-27 11:33:19.078  INFO 73156 --- [main] .s.d.r.c.RepositoryConfigurationDelegate : Multiple Spring Data modules found, entering strict repository configuration mode
2025-08-27 11:33:19.079  INFO 73156 --- [main] .s.d.r.c.RepositoryConfigurationDelegate : Bootstrapping Spring Data Redis repositories in DEFAULT mode.
2025-08-27 11:33:19.093  INFO 73156 --- [main] .s.d.r.c.RepositoryConfigurationDelegate : Finished Spring Data repository scanning in 6 ms. Found 0 Redis repository interfaces.
2025-08-27 11:33:19.146 DEBUG 73156 --- [main] org.apache.ibatis.logging.LogFactory     : Logging initialized using 'class org.apache.ibatis.logging.slf4j.Slf4jImpl' adapter.
2025-08-27 11:33:19.376  INFO 73156 --- [main] o.s.b.w.embedded.tomcat.TomcatWebServer  : Tomcat initialized with port(s): 8081 (http)
2025-08-27 11:33:19.381  INFO 73156 --- [main] o.apache.catalina.core.StandardService   : Starting service [Tomcat]
2025-08-27 11:33:19.381  INFO 73156 --- [main] org.apache.catalina.core.StandardEngine  : Starting Servlet engine: [Apache Tomcat/9.0.65]
2025-08-27 11:33:19.503  INFO 73156 --- [main] o.a.c.c.C.[Tomcat].[localhost].[/]       : Initializing Spring embedded WebApplicationContext
2025-08-27 11:33:19.503  INFO 73156 --- [main] w.s.c.ServletWebServerApplicationContext : Root WebApplicationContext: initialization completed in 989 ms
2025-08-27 11:33:21.448  INFO 73156 --- [main] o.s.b.a.e.web.EndpointLinksResolver      : Exposing 1 endpoint(s) beneath base path '/actuator'
2025-08-27 11:33:21.477  INFO 73156 --- [main] o.s.b.w.embedded.tomcat.TomcatWebServer  : Tomcat started on port(s): 8081 (http) with context path ''
2025-08-27 11:33:21.486  INFO 73156 --- [main] com.sunset.SunsetApplication             : Started SunsetApplication in 3.26 seconds (JVM running for 3.851)
2025-08-27 11:33:21.869  INFO 73156 --- [RMI TCP Connection(3)-192.168.11.103] o.a.c.c.C.[Tomcat].[localhost].[/]       : Initializing Spring DispatcherServlet 'dispatcherServlet'
2025-08-27 11:33:21.869  INFO 73156 --- [RMI TCP Connection(3)-192.168.11.103] o.s.web.servlet.DispatcherServlet        : Initializing Servlet 'dispatcherServlet'
2025-08-27 11:33:21.871  INFO 73156 --- [RMI TCP Connection(3)-192.168.11.103] o.s.web.servlet.DispatcherServlet        : Completed initialization in 2 ms
2025-08-27 11:33:21.871  INFO 73156 --- [RMI TCP Connection(4)-192.168.11.103] com.zaxxer.hikari.HikariDataSource       : HikariPool-1 - Starting...
2025-08-27 11:33:22.434  INFO 73156 --- [RMI TCP Connection(4)-192.168.11.103] com.zaxxer.hikari.HikariDataSource       : HikariPool-1 - Start completed.
2025-08-27 11:33:29.799  INFO 73156 --- [http-nio-8081-exec-2] com.sunset.utils.GlobalException         : 全局异常 - 请求URL: http://localhost:8081/upload/image, 方法: POST, 客户端IP: 0:0:0:0:0:0:0:1
2025-08-27 11:33:29.800  INFO 73156 --- [http-nio-8081-exec-2] com.sunset.utils.GlobalException         : 异常信息: java.io.FileNotFoundException: C:\Users\wang\AppData\Local\Temp\tomcat.8081.7176848577812612099\work\Tomcat\localhost\ROOT\data\upload\ef989ae0-8e8a-43e1-9e26-1820d70b8179-1756265609797.jpg (系统找不到指定的路径。)
2025-08-27 11:33:31.686  INFO 73156 --- [http-nio-8081-exec-3] com.sunset.utils.GlobalException         : 全局异常 - 请求URL: http://localhost:8081/upload/image, 方法: POST, 客户端IP: 0:0:0:0:0:0:0:1
2025-08-27 11:33:31.686  INFO 73156 --- [http-nio-8081-exec-3] com.sunset.utils.GlobalException         : 异常信息: java.io.FileNotFoundException: C:\Users\wang\AppData\Local\Temp\tomcat.8081.7176848577812612099\work\Tomcat\localhost\ROOT\data\upload\7ccf385e-a531-42b3-9ebe-c84bb968e68e-1756265611685.jpg (系统找不到指定的路径。)
2025-08-27 11:34:24.412  INFO 73156 --- [http-nio-8081-exec-4] com.sunset.utils.GlobalException         : 全局异常 - 请求URL: http://localhost:8081/upload/image, 方法: POST, 客户端IP: 0:0:0:0:0:0:0:1
2025-08-27 11:34:24.412  INFO 73156 --- [http-nio-8081-exec-4] com.sunset.utils.GlobalException         : 异常信息: java.io.FileNotFoundException: C:\Users\wang\AppData\Local\Temp\tomcat.8081.7176848577812612099\work\Tomcat\localhost\ROOT\data\upload\a3ec1123-c7d4-4fe3-ad07-49385913b706-1756265634506.jpg (系统找不到指定的路径。)
2025-08-27 11:34:35.998  WARN 83708 --- [main] ory$DuplicateJsonObjectContextCustomizer : 

Found multiple occurrences of org.json.JSONObject on the class path:

	jar:file:/C:/Users/wang/.m2/repository/com/vaadin/external/google/android-json/0.0.20131108.vaadin1/android-json-0.0.20131108.vaadin1.jar!/org/json/JSONObject.class
	jar:file:/C:/Users/wang/.m2/repository/org/json/json/20170516/json-20170516.jar!/org/json/JSONObject.class

You may wish to exclude one of them to ensure predictable runtime behavior

2025-08-27 11:34:36.030  INFO 83708 --- [main] com.sunset.SunsetApplicationTests        : Starting SunsetApplicationTests using Java 1.8.0_411 on LAPTOP-7EKQATVO with PID 83708 (started by wang in D:\money\sunset-server)
2025-08-27 11:34:36.030  INFO 83708 --- [main] com.sunset.SunsetApplicationTests        : The following 1 profile is active: "dev"
2025-08-27 11:34:36.671  INFO 83708 --- [main] .s.d.r.c.RepositoryConfigurationDelegate : Multiple Spring Data modules found, entering strict repository configuration mode
2025-08-27 11:34:36.673  INFO 83708 --- [main] .s.d.r.c.RepositoryConfigurationDelegate : Bootstrapping Spring Data Redis repositories in DEFAULT mode.
2025-08-27 11:34:36.694  INFO 83708 --- [main] .s.d.r.c.RepositoryConfigurationDelegate : Finished Spring Data repository scanning in 10 ms. Found 0 Redis repository interfaces.
2025-08-27 11:34:36.760 DEBUG 83708 --- [main] org.apache.ibatis.logging.LogFactory     : Logging initialized using 'class org.apache.ibatis.logging.slf4j.Slf4jImpl' adapter.
2025-08-27 11:34:40.499  INFO 83708 --- [main] o.s.b.a.e.web.EndpointLinksResolver      : Exposing 1 endpoint(s) beneath base path '/actuator'
2025-08-27 11:34:40.548  INFO 83708 --- [main] com.sunset.SunsetApplicationTests        : Started SunsetApplicationTests in 4.77 seconds (JVM running for 5.367)
2025-08-27 11:40:02.041  WARN 72868 --- [main] ory$DuplicateJsonObjectContextCustomizer : 

Found multiple occurrences of org.json.JSONObject on the class path:

	jar:file:/C:/Users/wang/.m2/repository/com/vaadin/external/google/android-json/0.0.20131108.vaadin1/android-json-0.0.20131108.vaadin1.jar!/org/json/JSONObject.class
	jar:file:/C:/Users/wang/.m2/repository/org/json/json/20170516/json-20170516.jar!/org/json/JSONObject.class

You may wish to exclude one of them to ensure predictable runtime behavior

2025-08-27 11:40:02.080  INFO 72868 --- [main] com.sunset.SunsetApplicationTests        : Starting SunsetApplicationTests using Java 1.8.0_411 on LAPTOP-7EKQATVO with PID 72868 (started by wang in D:\money\sunset-server)
2025-08-27 11:40:02.081  INFO 72868 --- [main] com.sunset.SunsetApplicationTests        : The following 1 profile is active: "dev"
2025-08-27 11:40:02.853  INFO 72868 --- [main] .s.d.r.c.RepositoryConfigurationDelegate : Multiple Spring Data modules found, entering strict repository configuration mode
2025-08-27 11:40:02.857  INFO 72868 --- [main] .s.d.r.c.RepositoryConfigurationDelegate : Bootstrapping Spring Data Redis repositories in DEFAULT mode.
2025-08-27 11:40:02.882  INFO 72868 --- [main] .s.d.r.c.RepositoryConfigurationDelegate : Finished Spring Data repository scanning in 11 ms. Found 0 Redis repository interfaces.
2025-08-27 11:40:02.968 DEBUG 72868 --- [main] org.apache.ibatis.logging.LogFactory     : Logging initialized using 'class org.apache.ibatis.logging.slf4j.Slf4jImpl' adapter.
2025-08-27 11:40:07.884  INFO 72868 --- [main] o.s.b.a.e.web.EndpointLinksResolver      : Exposing 1 endpoint(s) beneath base path '/actuator'
2025-08-27 11:40:07.939  INFO 72868 --- [main] com.sunset.SunsetApplicationTests        : Started SunsetApplicationTests in 6.185 seconds (JVM running for 6.952)
2025-08-27 11:46:45.318  WARN 72948 --- [main] ory$DuplicateJsonObjectContextCustomizer : 

Found multiple occurrences of org.json.JSONObject on the class path:

	jar:file:/C:/Users/wang/.m2/repository/com/vaadin/external/google/android-json/0.0.20131108.vaadin1/android-json-0.0.20131108.vaadin1.jar!/org/json/JSONObject.class
	jar:file:/C:/Users/wang/.m2/repository/org/json/json/20170516/json-20170516.jar!/org/json/JSONObject.class

You may wish to exclude one of them to ensure predictable runtime behavior

2025-08-27 11:46:45.330  INFO 72948 --- [main] com.sunset.SunsetApplicationTests        : Starting SunsetApplicationTests using Java 1.8.0_411 on LAPTOP-7EKQATVO with PID 72948 (started by wang in D:\money\sunset-server)
2025-08-27 11:46:45.331  INFO 72948 --- [main] com.sunset.SunsetApplicationTests        : The following 1 profile is active: "dev"
2025-08-27 11:46:46.157  INFO 72948 --- [main] .s.d.r.c.RepositoryConfigurationDelegate : Multiple Spring Data modules found, entering strict repository configuration mode
2025-08-27 11:46:46.160  INFO 72948 --- [main] .s.d.r.c.RepositoryConfigurationDelegate : Bootstrapping Spring Data Redis repositories in DEFAULT mode.
2025-08-27 11:46:46.183  INFO 72948 --- [main] .s.d.r.c.RepositoryConfigurationDelegate : Finished Spring Data repository scanning in 10 ms. Found 0 Redis repository interfaces.
2025-08-27 11:46:46.261 DEBUG 72948 --- [main] org.apache.ibatis.logging.LogFactory     : Logging initialized using 'class org.apache.ibatis.logging.slf4j.Slf4jImpl' adapter.
2025-08-27 11:46:51.174  INFO 72948 --- [main] o.s.b.a.e.web.EndpointLinksResolver      : Exposing 1 endpoint(s) beneath base path '/actuator'
2025-08-27 11:46:51.235  INFO 72948 --- [main] com.sunset.SunsetApplicationTests        : Started SunsetApplicationTests in 6.274 seconds (JVM running for 7.043)
2025-08-27 11:49:20.936  WARN 71944 --- [main] ory$DuplicateJsonObjectContextCustomizer : 

Found multiple occurrences of org.json.JSONObject on the class path:

	jar:file:/C:/Users/wang/.m2/repository/com/vaadin/external/google/android-json/0.0.20131108.vaadin1/android-json-0.0.20131108.vaadin1.jar!/org/json/JSONObject.class
	jar:file:/C:/Users/wang/.m2/repository/org/json/json/20170516/json-20170516.jar!/org/json/JSONObject.class

You may wish to exclude one of them to ensure predictable runtime behavior

2025-08-27 11:49:20.989  INFO 71944 --- [main] com.sunset.SunsetApplicationTests        : Starting SunsetApplicationTests using Java 1.8.0_411 on LAPTOP-7EKQATVO with PID 71944 (started by wang in D:\money\sunset-server)
2025-08-27 11:49:20.990  INFO 71944 --- [main] com.sunset.SunsetApplicationTests        : The following 1 profile is active: "dev"
2025-08-27 11:49:21.846  INFO 71944 --- [main] .s.d.r.c.RepositoryConfigurationDelegate : Multiple Spring Data modules found, entering strict repository configuration mode
2025-08-27 11:49:21.847  INFO 71944 --- [main] .s.d.r.c.RepositoryConfigurationDelegate : Bootstrapping Spring Data Redis repositories in DEFAULT mode.
2025-08-27 11:49:21.875  INFO 71944 --- [main] .s.d.r.c.RepositoryConfigurationDelegate : Finished Spring Data repository scanning in 14 ms. Found 0 Redis repository interfaces.
2025-08-27 11:49:21.967 DEBUG 71944 --- [main] org.apache.ibatis.logging.LogFactory     : Logging initialized using 'class org.apache.ibatis.logging.slf4j.Slf4jImpl' adapter.
2025-08-27 11:49:26.799  INFO 71944 --- [main] o.s.b.a.e.web.EndpointLinksResolver      : Exposing 1 endpoint(s) beneath base path '/actuator'
2025-08-27 11:49:26.856  INFO 71944 --- [main] com.sunset.SunsetApplicationTests        : Started SunsetApplicationTests in 6.201 seconds (JVM running for 7.0)
